<?xml version="1.0" encoding="UTF-8"?>
<robot generator="Robot 7.3.2 (Python 3.12.3 on linux)" generated="2025-11-18T00:36:45.580488" rpa="false" schemaversion="5">
<suite id="s1" name="Register" source="/home/xthxthx/palautusrepositorio/viikko3/login/src/tests/register.robot">
<kw name="Open And Configure Browser" owner="resource" type="SETUP">
<if>
<branch type="IF" condition="$BROWSER == 'chrome'">
<kw name="Evaluate" owner="BuiltIn">
<msg time="2025-11-18T00:36:45.739661" level="INFO">${options} = &lt;selenium.webdriver.chrome.options.Options object at 0x7c422dd22450&gt;</msg>
<var>${options}</var>
<arg>sys.modules['selenium.webdriver'].ChromeOptions()</arg>
<arg>sys</arg>
<doc>Evaluates the given expression in Python and returns the result.</doc>
<status status="PASS" start="2025-11-18T00:36:45.739238" elapsed="0.000475"/>
</kw>
<kw name="Call Method" owner="BuiltIn">
<arg>${options}</arg>
<arg>add_argument</arg>
<arg>--incognito</arg>
<doc>Calls the named method of the given object with the provided arguments.</doc>
<status status="PASS" start="2025-11-18T00:36:45.739891" elapsed="0.000181"/>
</kw>
<status status="PASS" start="2025-11-18T00:36:45.738500" elapsed="0.001638"/>
</branch>
<branch type="ELSE IF" condition="$BROWSER == 'firefox'">
<kw name="Evaluate" owner="BuiltIn">
<var>${options}</var>
<arg>sys.modules['selenium.webdriver'].FirefoxOptions()</arg>
<arg>sys</arg>
<doc>Evaluates the given expression in Python and returns the result.</doc>
<status status="NOT RUN" start="2025-11-18T00:36:45.740317" elapsed="0.000029"/>
</kw>
<kw name="Call Method" owner="BuiltIn">
<arg>${options}</arg>
<arg>add_argument</arg>
<arg>--private-window</arg>
<doc>Calls the named method of the given object with the provided arguments.</doc>
<status status="NOT RUN" start="2025-11-18T00:36:45.740446" elapsed="0.000034"/>
</kw>
<status status="NOT RUN" start="2025-11-18T00:36:45.740198" elapsed="0.000321"/>
</branch>
<status status="PASS" start="2025-11-18T00:36:45.738454" elapsed="0.002106"/>
</if>
<if>
<branch type="IF" condition="$HEADLESS == 'true'">
<kw name="Set Selenium Speed" owner="SeleniumLibrary">
<arg>0.05 seconds</arg>
<doc>Sets the delay that is waited after each Selenium command.</doc>
<status status="NOT RUN" start="2025-11-18T00:36:45.740846" elapsed="0.000035"/>
</kw>
<kw name="Call Method" owner="BuiltIn">
<arg>${options}</arg>
<arg>add_argument</arg>
<arg>--headless</arg>
<doc>Calls the named method of the given object with the provided arguments.</doc>
<status status="NOT RUN" start="2025-11-18T00:36:45.740978" elapsed="0.000252"/>
</kw>
<status status="NOT RUN" start="2025-11-18T00:36:45.740633" elapsed="0.000655"/>
</branch>
<branch type="ELSE">
<kw name="Set Selenium Speed" owner="SeleniumLibrary">
<arg>${DELAY}</arg>
<doc>Sets the delay that is waited after each Selenium command.</doc>
<status status="PASS" start="2025-11-18T00:36:45.741452" elapsed="0.000318"/>
</kw>
<status status="PASS" start="2025-11-18T00:36:45.741332" elapsed="0.000491"/>
</branch>
<status status="PASS" start="2025-11-18T00:36:45.740611" elapsed="0.001256"/>
</if>
<kw name="Open Browser" owner="SeleniumLibrary">
<msg time="2025-11-18T00:36:45.742341" level="INFO">Opening browser 'chrome' to base url 'None'.</msg>
<arg>browser=${BROWSER}</arg>
<arg>options=${options}</arg>
<doc>Opens a new browser instance to the optional ``url``.</doc>
<status status="PASS" start="2025-11-18T00:36:45.742029" elapsed="0.568518"/>
</kw>
<status status="PASS" start="2025-11-18T00:36:45.738240" elapsed="0.572475"/>
</kw>
<test id="s1-t1" name="Register With Valid Username And Password" line="9">
<kw name="Reset Application And Go To Register Page" type="SETUP">
<kw name="Reset Application" owner="AppLibrary">
<status status="PASS" start="2025-11-18T00:36:46.311766" elapsed="0.004737"/>
</kw>
<kw name="Go To Register Page" owner="resource">
<kw name="Go To" owner="SeleniumLibrary">
<msg time="2025-11-18T00:36:46.318191" level="INFO">Opening url 'http://localhost:5001/register'</msg>
<arg>${REGISTER_URL}</arg>
<doc>Navigates the current browser window to the provided ``url``.</doc>
<status status="PASS" start="2025-11-18T00:36:46.317720" elapsed="0.571141"/>
</kw>
<status status="PASS" start="2025-11-18T00:36:46.316949" elapsed="0.572397"/>
</kw>
<status status="PASS" start="2025-11-18T00:36:46.311413" elapsed="0.578643"/>
</kw>
<kw name="Set Username">
<kw name="Input Text" owner="SeleniumLibrary">
<msg time="2025-11-18T00:36:46.893121" level="INFO">Typing text 'kalle' into text field 'username'.</msg>
<arg>username</arg>
<arg>${username}</arg>
<doc>Types the given ``text`` into the text field identified by ``locator``.</doc>
<status status="PASS" start="2025-11-18T00:36:46.892167" elapsed="1.666216"/>
</kw>
<arg>kalle</arg>
<status status="PASS" start="2025-11-18T00:36:46.891191" elapsed="1.667489"/>
</kw>
<kw name="Set Password">
<kw name="Input Password" owner="SeleniumLibrary">
<msg time="2025-11-18T00:36:48.560226" level="INFO">Typing password into text field 'password'.</msg>
<msg time="2025-11-18T00:36:49.613096" level="INFO">Temporally setting log level to: NONE</msg>
<arg>password</arg>
<arg>${password}</arg>
<doc>Types the given password into the text field identified by ``locator``.</doc>
<status status="PASS" start="2025-11-18T00:36:48.559836" elapsed="1.617267"/>
</kw>
<arg>kalle123</arg>
<status status="PASS" start="2025-11-18T00:36:48.559136" elapsed="1.618519"/>
</kw>
<kw name="Set Password Confirmation">
<kw name="Input Password" owner="SeleniumLibrary">
<msg time="2025-11-18T00:36:50.180485" level="INFO">Typing password into text field 'password_confirmation'.</msg>
<msg time="2025-11-18T00:36:51.242142" level="INFO">Temporally setting log level to: NONE</msg>
<arg>password_confirmation</arg>
<arg>${password_confirmation}</arg>
<doc>Types the given password into the text field identified by ``locator``.</doc>
<status status="PASS" start="2025-11-18T00:36:50.179789" elapsed="1.627061"/>
</kw>
<arg>kalle123</arg>
<status status="PASS" start="2025-11-18T00:36:50.178526" elapsed="1.628760"/>
</kw>
<kw name="Click Button" owner="SeleniumLibrary">
<msg time="2025-11-18T00:36:51.808632" level="INFO">Clicking button 'Register'.</msg>
<arg>Register</arg>
<doc>Clicks the button identified by ``locator``.</doc>
<status status="PASS" start="2025-11-18T00:36:51.807977" elapsed="2.161366"/>
</kw>
<kw name="Register Should Succeed">
<kw name="Welcome Page Should Be Open" owner="resource">
<kw name="Title Should Be" owner="SeleniumLibrary">
<msg time="2025-11-18T00:36:54.485681" level="INFO">Page title is 'Welcome to Ohtu Application!'.</msg>
<arg>Welcome to Ohtu Application!</arg>
<doc>Verifies that the current page title equals ``title``.</doc>
<status status="PASS" start="2025-11-18T00:36:53.972356" elapsed="0.513831"/>
</kw>
<status status="PASS" start="2025-11-18T00:36:53.971792" elapsed="0.514950"/>
</kw>
<status status="PASS" start="2025-11-18T00:36:53.970828" elapsed="0.516183"/>
</kw>
<status status="PASS" start="2025-11-18T00:36:46.310823" elapsed="8.176922"/>
</test>
<test id="s1-t2" name="Register With Too Short Username And Valid Password" line="16">
<kw name="Reset Application And Go To Register Page" type="SETUP">
<kw name="Reset Application" owner="AppLibrary">
<status status="PASS" start="2025-11-18T00:36:54.490410" elapsed="0.005782"/>
</kw>
<kw name="Go To Register Page" owner="resource">
<kw name="Go To" owner="SeleniumLibrary">
<msg time="2025-11-18T00:36:54.497902" level="INFO">Opening url 'http://localhost:5001/register'</msg>
<arg>${REGISTER_URL}</arg>
<doc>Navigates the current browser window to the provided ``url``.</doc>
<status status="PASS" start="2025-11-18T00:36:54.497481" elapsed="0.539488"/>
</kw>
<status status="PASS" start="2025-11-18T00:36:54.496775" elapsed="0.540647"/>
</kw>
<status status="PASS" start="2025-11-18T00:36:54.489725" elapsed="0.547926"/>
</kw>
<kw name="Set Username">
<kw name="Input Text" owner="SeleniumLibrary">
<msg time="2025-11-18T00:36:55.039632" level="INFO">Typing text 'ka' into text field 'username'.</msg>
<arg>username</arg>
<arg>${username}</arg>
<doc>Types the given ``text`` into the text field identified by ``locator``.</doc>
<status status="PASS" start="2025-11-18T00:36:55.039131" elapsed="1.611070"/>
</kw>
<arg>ka</arg>
<status status="PASS" start="2025-11-18T00:36:55.038332" elapsed="1.613174"/>
</kw>
<kw name="Set Password">
<kw name="Input Password" owner="SeleniumLibrary">
<msg time="2025-11-18T00:36:56.653503" level="INFO">Typing password into text field 'password'.</msg>
<msg time="2025-11-18T00:36:57.700782" level="INFO">Temporally setting log level to: NONE</msg>
<arg>password</arg>
<arg>${password}</arg>
<doc>Types the given password into the text field identified by ``locator``.</doc>
<status status="PASS" start="2025-11-18T00:36:56.653018" elapsed="1.615965"/>
</kw>
<arg>kalle123</arg>
<status status="PASS" start="2025-11-18T00:36:56.652315" elapsed="1.616912"/>
</kw>
<kw name="Set Password Confirmation">
<kw name="Input Password" owner="SeleniumLibrary">
<msg time="2025-11-18T00:36:58.270632" level="INFO">Typing password into text field 'password_confirmation'.</msg>
<msg time="2025-11-18T00:36:59.314029" level="INFO">Temporally setting log level to: NONE</msg>
<arg>password_confirmation</arg>
<arg>${password_confirmation}</arg>
<doc>Types the given password into the text field identified by ``locator``.</doc>
<status status="PASS" start="2025-11-18T00:36:58.270272" elapsed="1.598761"/>
</kw>
<arg>kalle123</arg>
<status status="PASS" start="2025-11-18T00:36:58.269678" elapsed="1.599722"/>
</kw>
<kw name="Click Button" owner="SeleniumLibrary">
<msg time="2025-11-18T00:36:59.870595" level="INFO">Clicking button 'Register'.</msg>
<arg>Register</arg>
<doc>Clicks the button identified by ``locator``.</doc>
<status status="PASS" start="2025-11-18T00:36:59.869984" elapsed="2.131982"/>
</kw>
<kw name="Register Should Fail With Message">
<kw name="Register Page Should Be Open" owner="resource">
<kw name="Title Should Be" owner="SeleniumLibrary">
<msg time="2025-11-18T00:37:02.523038" level="INFO">Page title is 'Register'.</msg>
<arg>Register</arg>
<doc>Verifies that the current page title equals ``title``.</doc>
<status status="PASS" start="2025-11-18T00:37:02.005512" elapsed="0.518016"/>
</kw>
<status status="PASS" start="2025-11-18T00:37:02.004822" elapsed="0.519184"/>
</kw>
<kw name="Page Should Contain" owner="SeleniumLibrary">
<msg time="2025-11-18T00:37:03.557215" level="INFO">Current page contains text 'Username is too short; min. 3 characters'.</msg>
<arg>${message}</arg>
<doc>Verifies that current page contains ``text``.</doc>
<status status="PASS" start="2025-11-18T00:37:02.524522" elapsed="1.033192"/>
</kw>
<arg>Username is too short; min. 3 characters</arg>
<status status="PASS" start="2025-11-18T00:37:02.003604" elapsed="1.554473"/>
</kw>
<status status="PASS" start="2025-11-18T00:36:54.488663" elapsed="9.069938"/>
</test>
<test id="s1-t3" name="Register With Valid Username And Too Short Password" line="23">
<kw name="Reset Application And Go To Register Page" type="SETUP">
<kw name="Reset Application" owner="AppLibrary">
<status status="PASS" start="2025-11-18T00:37:03.560758" elapsed="0.005099"/>
</kw>
<kw name="Go To Register Page" owner="resource">
<kw name="Go To" owner="SeleniumLibrary">
<msg time="2025-11-18T00:37:03.567554" level="INFO">Opening url 'http://localhost:5001/register'</msg>
<arg>${REGISTER_URL}</arg>
<doc>Navigates the current browser window to the provided ``url``.</doc>
<status status="PASS" start="2025-11-18T00:37:03.567193" elapsed="0.534844"/>
</kw>
<status status="PASS" start="2025-11-18T00:37:03.566267" elapsed="0.536312"/>
</kw>
<status status="PASS" start="2025-11-18T00:37:03.560196" elapsed="0.542609"/>
</kw>
<kw name="Set Username">
<kw name="Input Text" owner="SeleniumLibrary">
<msg time="2025-11-18T00:37:04.105352" level="INFO">Typing text 'kalle' into text field 'username'.</msg>
<arg>username</arg>
<arg>${username}</arg>
<doc>Types the given ``text`` into the text field identified by ``locator``.</doc>
<status status="PASS" start="2025-11-18T00:37:04.104692" elapsed="1.620964"/>
</kw>
<arg>kalle</arg>
<status status="PASS" start="2025-11-18T00:37:04.103681" elapsed="1.623162"/>
</kw>
<kw name="Set Password">
<kw name="Input Password" owner="SeleniumLibrary">
<msg time="2025-11-18T00:37:05.729609" level="INFO">Typing password into text field 'password'.</msg>
<msg time="2025-11-18T00:37:06.783975" level="INFO">Temporally setting log level to: NONE</msg>
<arg>password</arg>
<arg>${password}</arg>
<doc>Types the given password into the text field identified by ``locator``.</doc>
<status status="PASS" start="2025-11-18T00:37:05.728908" elapsed="1.620238"/>
</kw>
<arg>kal</arg>
<status status="PASS" start="2025-11-18T00:37:05.727846" elapsed="1.621711"/>
</kw>
<kw name="Set Password Confirmation">
<kw name="Input Password" owner="SeleniumLibrary">
<msg time="2025-11-18T00:37:07.351496" level="INFO">Typing password into text field 'password_confirmation'.</msg>
<msg time="2025-11-18T00:37:08.404608" level="INFO">Temporally setting log level to: NONE</msg>
<arg>password_confirmation</arg>
<arg>${password_confirmation}</arg>
<doc>Types the given password into the text field identified by ``locator``.</doc>
<status status="PASS" start="2025-11-18T00:37:07.351004" elapsed="1.621078"/>
</kw>
<arg>kal</arg>
<status status="PASS" start="2025-11-18T00:37:07.350246" elapsed="1.622297"/>
</kw>
<kw name="Click Button" owner="SeleniumLibrary">
<msg time="2025-11-18T00:37:08.974030" level="INFO">Clicking button 'Register'.</msg>
<arg>Register</arg>
<doc>Clicks the button identified by ``locator``.</doc>
<status status="PASS" start="2025-11-18T00:37:08.973275" elapsed="2.131389"/>
</kw>
<kw name="Register Should Fail With Message">
<kw name="Register Page Should Be Open" owner="resource">
<kw name="Title Should Be" owner="SeleniumLibrary">
<msg time="2025-11-18T00:37:11.618698" level="INFO">Page title is 'Register'.</msg>
<arg>Register</arg>
<doc>Verifies that the current page title equals ``title``.</doc>
<status status="PASS" start="2025-11-18T00:37:11.107725" elapsed="0.511377"/>
</kw>
<status status="PASS" start="2025-11-18T00:37:11.107040" elapsed="0.512387"/>
</kw>
<kw name="Page Should Contain" owner="SeleniumLibrary">
<msg time="2025-11-18T00:37:12.651281" level="INFO">Current page contains text 'Password is too short; min. 8 characters'.</msg>
<arg>${message}</arg>
<doc>Verifies that current page contains ``text``.</doc>
<status status="PASS" start="2025-11-18T00:37:11.619973" elapsed="1.032143"/>
</kw>
<arg>Password is too short; min. 8 characters</arg>
<status status="PASS" start="2025-11-18T00:37:11.105894" elapsed="1.546691"/>
</kw>
<status status="PASS" start="2025-11-18T00:37:03.559320" elapsed="9.093829"/>
</test>
<test id="s1-t4" name="Register With Valid Username And Invalid Password" line="30">
<kw name="Reset Application And Go To Register Page" type="SETUP">
<kw name="Reset Application" owner="AppLibrary">
<status status="PASS" start="2025-11-18T00:37:12.655261" elapsed="0.005425"/>
</kw>
<kw name="Go To Register Page" owner="resource">
<kw name="Go To" owner="SeleniumLibrary">
<msg time="2025-11-18T00:37:12.662140" level="INFO">Opening url 'http://localhost:5001/register'</msg>
<arg>${REGISTER_URL}</arg>
<doc>Navigates the current browser window to the provided ``url``.</doc>
<status status="PASS" start="2025-11-18T00:37:12.661878" elapsed="0.538821"/>
</kw>
<status status="PASS" start="2025-11-18T00:37:12.661187" elapsed="0.540040"/>
</kw>
<status status="PASS" start="2025-11-18T00:37:12.654662" elapsed="0.546850"/>
</kw>
<kw name="Set Username">
<kw name="Input Text" owner="SeleniumLibrary">
<msg time="2025-11-18T00:37:13.204384" level="INFO">Typing text 'kalle' into text field 'username'.</msg>
<arg>username</arg>
<arg>${username}</arg>
<doc>Types the given ``text`` into the text field identified by ``locator``.</doc>
<status status="PASS" start="2025-11-18T00:37:13.203661" elapsed="1.618964"/>
</kw>
<arg>kalle</arg>
<status status="PASS" start="2025-11-18T00:37:13.202371" elapsed="1.621067"/>
</kw>
<kw name="Set Password">
<kw name="Input Password" owner="SeleniumLibrary">
<msg time="2025-11-18T00:37:14.825774" level="INFO">Typing password into text field 'password'.</msg>
<msg time="2025-11-18T00:37:15.881645" level="INFO">Temporally setting log level to: NONE</msg>
<arg>password</arg>
<arg>${password}</arg>
<doc>Types the given password into the text field identified by ``locator``.</doc>
<status status="PASS" start="2025-11-18T00:37:14.825147" elapsed="1.625041"/>
</kw>
<arg>kalleeee</arg>
<status status="PASS" start="2025-11-18T00:37:14.824228" elapsed="1.626451"/>
</kw>
<kw name="Set Password Confirmation">
<kw name="Input Password" owner="SeleniumLibrary">
<msg time="2025-11-18T00:37:16.452696" level="INFO">Typing password into text field 'password_confirmation'.</msg>
<msg time="2025-11-18T00:37:17.506911" level="INFO">Temporally setting log level to: NONE</msg>
<arg>password_confirmation</arg>
<arg>${password_confirmation}</arg>
<doc>Types the given password into the text field identified by ``locator``.</doc>
<status status="PASS" start="2025-11-18T00:37:16.452186" elapsed="1.611618"/>
</kw>
<arg>kalleeee</arg>
<status status="PASS" start="2025-11-18T00:37:16.451385" elapsed="1.612747"/>
</kw>
<kw name="Click Button" owner="SeleniumLibrary">
<msg time="2025-11-18T00:37:18.065235" level="INFO">Clicking button 'Register'.</msg>
<arg>Register</arg>
<doc>Clicks the button identified by ``locator``.</doc>
<status status="PASS" start="2025-11-18T00:37:18.064749" elapsed="2.136706"/>
</kw>
<kw name="Register Should Fail With Message">
<kw name="Register Page Should Be Open" owner="resource">
<kw name="Title Should Be" owner="SeleniumLibrary">
<msg time="2025-11-18T00:37:20.718134" level="INFO">Page title is 'Register'.</msg>
<arg>Register</arg>
<doc>Verifies that the current page title equals ``title``.</doc>
<status status="PASS" start="2025-11-18T00:37:20.205814" elapsed="0.512716"/>
</kw>
<status status="PASS" start="2025-11-18T00:37:20.204919" elapsed="0.514363"/>
</kw>
<kw name="Page Should Contain" owner="SeleniumLibrary">
<msg time="2025-11-18T00:37:21.748962" level="INFO">Current page contains text 'Password is invalid; add a non-alphabetic character'.</msg>
<arg>${message}</arg>
<doc>Verifies that current page contains ``text``.</doc>
<status status="PASS" start="2025-11-18T00:37:20.719827" elapsed="1.029561"/>
</kw>
<arg>Password is invalid; add a non-alphabetic character</arg>
<status status="PASS" start="2025-11-18T00:37:20.203358" elapsed="1.546517"/>
</kw>
<status status="PASS" start="2025-11-18T00:37:12.653828" elapsed="9.096670"/>
</test>
<test id="s1-t5" name="Register With Nonmatching Password And Password Confirmation" line="38">
<kw name="Reset Application And Go To Register Page" type="SETUP">
<kw name="Reset Application" owner="AppLibrary">
<status status="PASS" start="2025-11-18T00:37:21.753880" elapsed="0.005167"/>
</kw>
<kw name="Go To Register Page" owner="resource">
<kw name="Go To" owner="SeleniumLibrary">
<msg time="2025-11-18T00:37:21.760841" level="INFO">Opening url 'http://localhost:5001/register'</msg>
<arg>${REGISTER_URL}</arg>
<doc>Navigates the current browser window to the provided ``url``.</doc>
<status status="PASS" start="2025-11-18T00:37:21.760529" elapsed="0.541247"/>
</kw>
<status status="PASS" start="2025-11-18T00:37:21.759799" elapsed="0.542447"/>
</kw>
<status status="PASS" start="2025-11-18T00:37:21.753164" elapsed="0.549332"/>
</kw>
<kw name="Set Username">
<kw name="Input Text" owner="SeleniumLibrary">
<msg time="2025-11-18T00:37:22.304933" level="INFO">Typing text 'kalle' into text field 'username'.</msg>
<arg>username</arg>
<arg>${username}</arg>
<doc>Types the given ``text`` into the text field identified by ``locator``.</doc>
<status status="PASS" start="2025-11-18T00:37:22.304270" elapsed="1.626079"/>
</kw>
<arg>kalle</arg>
<status status="PASS" start="2025-11-18T00:37:22.303254" elapsed="1.627695"/>
</kw>
<kw name="Set Password">
<kw name="Input Password" owner="SeleniumLibrary">
<msg time="2025-11-18T00:37:23.933429" level="INFO">Typing password into text field 'password'.</msg>
<msg time="2025-11-18T00:37:24.984154" level="INFO">Temporally setting log level to: NONE</msg>
<arg>password</arg>
<arg>${password}</arg>
<doc>Types the given password into the text field identified by ``locator``.</doc>
<status status="PASS" start="2025-11-18T00:37:23.932812" elapsed="1.612973"/>
</kw>
<arg>kalle123</arg>
<status status="PASS" start="2025-11-18T00:37:23.931772" elapsed="1.614330"/>
</kw>
<kw name="Set Password Confirmation">
<kw name="Input Password" owner="SeleniumLibrary">
<msg time="2025-11-18T00:37:25.547956" level="INFO">Typing password into text field 'password_confirmation'.</msg>
<msg time="2025-11-18T00:37:26.596559" level="INFO">Temporally setting log level to: NONE</msg>
<arg>password_confirmation</arg>
<arg>${password_confirmation}</arg>
<doc>Types the given password into the text field identified by ``locator``.</doc>
<status status="PASS" start="2025-11-18T00:37:25.547436" elapsed="1.611891"/>
</kw>
<arg>kallee123</arg>
<status status="PASS" start="2025-11-18T00:37:25.546729" elapsed="1.612982"/>
</kw>
<kw name="Click Button" owner="SeleniumLibrary">
<msg time="2025-11-18T00:37:27.160766" level="INFO">Clicking button 'Register'.</msg>
<arg>Register</arg>
<doc>Clicks the button identified by ``locator``.</doc>
<status status="PASS" start="2025-11-18T00:37:27.160295" elapsed="2.126135"/>
</kw>
<kw name="Register Should Fail With Message">
<kw name="Register Page Should Be Open" owner="resource">
<kw name="Title Should Be" owner="SeleniumLibrary">
<msg time="2025-11-18T00:37:29.802993" level="INFO">Page title is 'Register'.</msg>
<arg>Register</arg>
<doc>Verifies that the current page title equals ``title``.</doc>
<status status="PASS" start="2025-11-18T00:37:29.290242" elapsed="0.513195"/>
</kw>
<status status="PASS" start="2025-11-18T00:37:29.289523" elapsed="0.514403"/>
</kw>
<kw name="Page Should Contain" owner="SeleniumLibrary">
<msg time="2025-11-18T00:37:30.836910" level="INFO">Current page contains text 'Password is invalid; non-matching passwords'.</msg>
<arg>${message}</arg>
<doc>Verifies that current page contains ``text``.</doc>
<status status="PASS" start="2025-11-18T00:37:29.804425" elapsed="1.032953"/>
</kw>
<arg>Password is invalid; non-matching passwords</arg>
<status status="PASS" start="2025-11-18T00:37:29.288324" elapsed="1.550046"/>
</kw>
<status status="PASS" start="2025-11-18T00:37:21.751623" elapsed="9.087612"/>
</test>
<test id="s1-t6" name="Register With Username That Is Already In Use" line="45">
<kw name="Reset Application And Go To Register Page" type="SETUP">
<kw name="Reset Application" owner="AppLibrary">
<status status="PASS" start="2025-11-18T00:37:30.841524" elapsed="0.006506"/>
</kw>
<kw name="Go To Register Page" owner="resource">
<kw name="Go To" owner="SeleniumLibrary">
<msg time="2025-11-18T00:37:30.849566" level="INFO">Opening url 'http://localhost:5001/register'</msg>
<arg>${REGISTER_URL}</arg>
<doc>Navigates the current browser window to the provided ``url``.</doc>
<status status="PASS" start="2025-11-18T00:37:30.849216" elapsed="0.545972"/>
</kw>
<status status="PASS" start="2025-11-18T00:37:30.848631" elapsed="0.547702"/>
</kw>
<status status="PASS" start="2025-11-18T00:37:30.840882" elapsed="0.556034"/>
</kw>
<kw name="Set Username">
<kw name="Input Text" owner="SeleniumLibrary">
<msg time="2025-11-18T00:37:31.399397" level="INFO">Typing text 'kalle' into text field 'username'.</msg>
<arg>username</arg>
<arg>${username}</arg>
<doc>Types the given ``text`` into the text field identified by ``locator``.</doc>
<status status="PASS" start="2025-11-18T00:37:31.398757" elapsed="1.614601"/>
</kw>
<arg>kalle</arg>
<status status="PASS" start="2025-11-18T00:37:31.397755" elapsed="1.616180"/>
</kw>
<kw name="Set Password">
<kw name="Input Password" owner="SeleniumLibrary">
<msg time="2025-11-18T00:37:33.016538" level="INFO">Typing password into text field 'password'.</msg>
<msg time="2025-11-18T00:37:34.068987" level="INFO">Temporally setting log level to: NONE</msg>
<arg>password</arg>
<arg>${password}</arg>
<doc>Types the given password into the text field identified by ``locator``.</doc>
<status status="PASS" start="2025-11-18T00:37:33.015867" elapsed="1.620183"/>
</kw>
<arg>kalle123</arg>
<status status="PASS" start="2025-11-18T00:37:33.014777" elapsed="1.622054"/>
</kw>
<kw name="Set Password Confirmation">
<kw name="Input Password" owner="SeleniumLibrary">
<msg time="2025-11-18T00:37:34.639377" level="INFO">Typing password into text field 'password_confirmation'.</msg>
<msg time="2025-11-18T00:37:35.694734" level="INFO">Temporally setting log level to: NONE</msg>
<arg>password_confirmation</arg>
<arg>${password_confirmation}</arg>
<doc>Types the given password into the text field identified by ``locator``.</doc>
<status status="PASS" start="2025-11-18T00:37:34.638718" elapsed="1.626531"/>
</kw>
<arg>kalle123</arg>
<status status="PASS" start="2025-11-18T00:37:34.637651" elapsed="1.628088"/>
</kw>
<kw name="Click Button" owner="SeleniumLibrary">
<msg time="2025-11-18T00:37:36.266949" level="INFO">Clicking button 'Register'.</msg>
<arg>Register</arg>
<doc>Clicks the button identified by ``locator``.</doc>
<status status="PASS" start="2025-11-18T00:37:36.266326" elapsed="2.138961"/>
</kw>
<kw name="Register Should Succeed">
<kw name="Welcome Page Should Be Open" owner="resource">
<kw name="Title Should Be" owner="SeleniumLibrary">
<msg time="2025-11-18T00:37:38.922913" level="INFO">Page title is 'Welcome to Ohtu Application!'.</msg>
<arg>Welcome to Ohtu Application!</arg>
<doc>Verifies that the current page title equals ``title``.</doc>
<status status="PASS" start="2025-11-18T00:37:38.408471" elapsed="0.514879"/>
</kw>
<status status="PASS" start="2025-11-18T00:37:38.407877" elapsed="0.515974"/>
</kw>
<status status="PASS" start="2025-11-18T00:37:38.406868" elapsed="0.517214"/>
</kw>
<kw name="Go To Ohtu Application Main Page" owner="resource">
<kw name="Go To" owner="SeleniumLibrary">
<msg time="2025-11-18T00:37:38.926365" level="INFO">Opening url 'http://localhost:5001/ohtu'</msg>
<arg>http://${SERVER}/ohtu</arg>
<doc>Navigates the current browser window to the provided ``url``.</doc>
<status status="PASS" start="2025-11-18T00:37:38.925886" elapsed="0.542855"/>
</kw>
<status status="PASS" start="2025-11-18T00:37:38.924964" elapsed="0.544247"/>
</kw>
<kw name="Click Button" owner="SeleniumLibrary">
<msg time="2025-11-18T00:37:39.470650" level="INFO">Clicking button 'Logout'.</msg>
<arg>Logout</arg>
<doc>Clicks the button identified by ``locator``.</doc>
<status status="PASS" start="2025-11-18T00:37:39.469993" elapsed="2.158031"/>
</kw>
<kw name="Go To Register Page" owner="resource">
<kw name="Go To" owner="SeleniumLibrary">
<msg time="2025-11-18T00:37:41.630899" level="INFO">Opening url 'http://localhost:5001/register'</msg>
<arg>${REGISTER_URL}</arg>
<doc>Navigates the current browser window to the provided ``url``.</doc>
<status status="PASS" start="2025-11-18T00:37:41.630486" elapsed="0.543746"/>
</kw>
<status status="PASS" start="2025-11-18T00:37:41.629579" elapsed="0.545289"/>
</kw>
<kw name="Set Username">
<kw name="Input Text" owner="SeleniumLibrary">
<msg time="2025-11-18T00:37:42.177380" level="INFO">Typing text 'kalle' into text field 'username'.</msg>
<arg>username</arg>
<arg>${username}</arg>
<doc>Types the given ``text`` into the text field identified by ``locator``.</doc>
<status status="PASS" start="2025-11-18T00:37:42.176776" elapsed="1.627196"/>
</kw>
<arg>kalle</arg>
<status status="PASS" start="2025-11-18T00:37:42.175818" elapsed="1.628435"/>
</kw>
<kw name="Set Password">
<kw name="Input Password" owner="SeleniumLibrary">
<msg time="2025-11-18T00:37:43.805862" level="INFO">Typing password into text field 'password'.</msg>
<msg time="2025-11-18T00:37:44.858509" level="INFO">Temporally setting log level to: NONE</msg>
<arg>password</arg>
<arg>${password}</arg>
<doc>Types the given password into the text field identified by ``locator``.</doc>
<status status="PASS" start="2025-11-18T00:37:43.805381" elapsed="1.618601"/>
</kw>
<arg>kalle123</arg>
<status status="PASS" start="2025-11-18T00:37:43.804740" elapsed="1.619585"/>
</kw>
<kw name="Set Password Confirmation">
<kw name="Input Password" owner="SeleniumLibrary">
<msg time="2025-11-18T00:37:45.426251" level="INFO">Typing password into text field 'password_confirmation'.</msg>
<msg time="2025-11-18T00:37:46.481990" level="INFO">Temporally setting log level to: NONE</msg>
<arg>password_confirmation</arg>
<arg>${password_confirmation}</arg>
<doc>Types the given password into the text field identified by ``locator``.</doc>
<status status="PASS" start="2025-11-18T00:37:45.425747" elapsed="1.617314"/>
</kw>
<arg>kalle123</arg>
<status status="PASS" start="2025-11-18T00:37:45.424961" elapsed="1.618269"/>
</kw>
<kw name="Click Button" owner="SeleniumLibrary">
<msg time="2025-11-18T00:37:47.043984" level="INFO">Clicking button 'Register'.</msg>
<arg>Register</arg>
<doc>Clicks the button identified by ``locator``.</doc>
<status status="PASS" start="2025-11-18T00:37:47.043506" elapsed="2.132300"/>
</kw>
<kw name="Register Should Fail With Message">
<kw name="Register Page Should Be Open" owner="resource">
<kw name="Title Should Be" owner="SeleniumLibrary">
<msg time="2025-11-18T00:37:49.689867" level="INFO">Page title is 'Register'.</msg>
<arg>Register</arg>
<doc>Verifies that the current page title equals ``title``.</doc>
<status status="PASS" start="2025-11-18T00:37:49.179200" elapsed="0.511133"/>
</kw>
<status status="PASS" start="2025-11-18T00:37:49.178224" elapsed="0.512655"/>
</kw>
<kw name="Page Should Contain" owner="SeleniumLibrary">
<msg time="2025-11-18T00:37:50.722269" level="INFO">Current page contains text 'User with username kalle already exists'.</msg>
<arg>${message}</arg>
<doc>Verifies that current page contains ``text``.</doc>
<status status="PASS" start="2025-11-18T00:37:49.691517" elapsed="1.031652"/>
</kw>
<arg>User with username kalle already exists</arg>
<status status="PASS" start="2025-11-18T00:37:49.177195" elapsed="1.546548"/>
</kw>
<status status="PASS" start="2025-11-18T00:37:30.839938" elapsed="19.884426"/>
</test>
<kw name="Close Browser" owner="SeleniumLibrary" type="TEARDOWN">
<doc>Closes the current browser.</doc>
<status status="PASS" start="2025-11-18T00:37:50.725956" elapsed="0.593184"/>
</kw>
<status status="PASS" start="2025-11-18T00:36:45.581502" elapsed="65.737747"/>
</suite>
<statistics>
<total>
<stat pass="6" fail="0" skip="0">All Tests</stat>
</total>
<tag>
</tag>
<suite>
<stat name="Register" id="s1" pass="6" fail="0" skip="0">Register</stat>
</suite>
</statistics>
<errors>
</errors>
</robot>
